<?xml version="1.0" encoding="UTF-8"?>
<!-- Generated by org.testng.reporters.JUnitReportReporter -->
<testsuite skipped="0" hostname="DESKTOP-9P1MDVM" name="testNG_Demo.TestNG_Annotations" tests="3" failures="0" timestamp="08 Sep 2020 22:08:16 GMT" time="0.583" errors="0">
  <testcase name="richa" time="0.038" classname="testNG_Demo.TestNG_Annotations"/>
  <testcase name="purva" time="0.509" classname="testNG_Demo.TestNG_Annotations"/>
  <testcase name="reena" time="0.036" classname="testNG_Demo.TestNG_Annotations"/>
</testsuite> <!-- testNG_Demo.TestNG_Annotations -->
