<?xml version="1.0" encoding="UTF-8"?>
<!-- Generated by org.testng.reporters.JUnitReportReporter -->
<testsuite skipped="0" hostname="DESKTOP-9P1MDVM" name="testNG_Demo.TestNG_Verifications" tests="3" failures="0" timestamp="08 Sep 2020 22:08:16 GMT" time="77.703" errors="0">
  <testcase name="zakirkhan" time="0.023" classname="testNG_Demo.TestNG_Verifications"/>
  <testcase name="verifyloginpage" time="77.644" classname="testNG_Demo.TestNG_Verifications"/>
  <testcase name="aman" time="0.036" classname="testNG_Demo.TestNG_Verifications"/>
</testsuite> <!-- testNG_Demo.TestNG_Verifications -->
